# JRE version: Java(TM) SE Runtime Environment (8.0_144-b01) (build 1.8.0_144-b01)
# Java VM: Java HotSpot(TM) 64-Bit Server VM (25.144-b01 mixed mode windows-amd64 compressed oops)
Heap:
 PSYoungGen      total 290816K, used 119706K [0x00000000e0000000, 0x00000000f6480000, 0x0000000100000000)
  eden space 269312K, 41% used [0x00000000e0000000,0x00000000e6d47d78,0x00000000f0700000)
  from space 21504K, 36% used [0x00000000f0700000,0x00000000f0e9ed90,0x00000000f1c00000)
  to   space 20992K, 0% used [0x00000000f5000000,0x00000000f5000000,0x00000000f6480000)
 ParOldGen       total 146944K, used 51091K [0x00000000a0000000, 0x00000000a8f80000, 0x00000000e0000000)
  object space 146944K, 34% used [0x00000000a0000000,0x00000000a31e4e28,0x00000000a8f80000)
 Metaspace       used 63429K, capacity 65778K, committed 66048K, reserved 1105920K
  class space    used 8663K, capacity 9132K, committed 9216K, reserved 1048576K
GC Heap History (10 events):
Event: 31.029 GC heap before
{Heap before GC invocations=20 (full 3):
 PSYoungGen      total 214528K, used 212084K [0x00000000e0000000, 0x00000000ee400000, 0x0000000100000000)
  eden space 199680K, 100% used [0x00000000e0000000,0x00000000ec300000,0x00000000ec300000)
  from space 14848K, 83% used [0x00000000ed280000,0x00000000ede9d0a0,0x00000000ee100000)
  to   space 15872K, 0% used [0x00000000ec300000,0x00000000ec300000,0x00000000ed280000)
 ParOldGen       total 146944K, used 42547K [0x00000000a0000000, 0x00000000a8f80000, 0x00000000e0000000)
  object space 146944K, 28% used [0x00000000a0000000,0x00000000a298cd28,0x00000000a8f80000)
 Metaspace       used 63213K, capacity 65556K, committed 65792K, reserved 1105920K
  class space    used 8662K, capacity 9131K, committed 9216K, reserved 1048576K
Event: 31.060 GC heap after
Heap after GC invocations=20 (full 3):
 PSYoungGen      total 215552K, used 15526K [0x00000000e0000000, 0x00000000f0380000, 0x0000000100000000)
  eden space 199680K, 0% used [0x00000000e0000000,0x00000000e0000000,0x00000000ec300000)
  from space 15872K, 97% used [0x00000000ec300000,0x00000000ed229ae8,0x00000000ed280000)
  to   space 17408K, 0% used [0x00000000ef280000,0x00000000ef280000,0x00000000f0380000)
 ParOldGen       total 146944K, used 42555K [0x00000000a0000000, 0x00000000a8f80000, 0x00000000e0000000)
  object space 146944K, 28% used [0x00000000a0000000,0x00000000a298ed28,0x00000000a8f80000)
 Metaspace       used 63213K, capacity 65556K, committed 65792K, reserved 1105920K
  class space    used 8662K, capacity 9131K, committed 9216K, reserved 1048576K
}
Event: 32.544 GC heap before
{Heap before GC invocations=21 (full 3):
 PSYoungGen      total 215552K, used 215206K [0x00000000e0000000, 0x00000000f0380000, 0x0000000100000000)
  eden space 199680K, 100% used [0x00000000e0000000,0x00000000ec300000,0x00000000ec300000)
  from space 15872K, 97% used [0x00000000ec300000,0x00000000ed229ae8,0x00000000ed280000)
  to   space 17408K, 0% used [0x00000000ef280000,0x00000000ef280000,0x00000000f0380000)
 ParOldGen       total 146944K, used 42555K [0x00000000a0000000, 0x00000000a8f80000, 0x00000000e0000000)
  object space 146944K, 28% used [0x00000000a0000000,0x00000000a298ed28,0x00000000a8f80000)
 Metaspace       used 63266K, capacity 65632K, committed 65792K, reserved 1105920K
  class space    used 8662K, capacity 9131K, committed 9216K, reserved 1048576K
Event: 32.605 GC heap after
Heap after GC invocations=21 (full 3):
 PSYoungGen      total 247808K, used 12704K [0x00000000e0000000, 0x00000000f0a00000, 0x0000000100000000)
  eden space 230400K, 0% used [0x00000000e0000000,0x00000000e0000000,0x00000000ee100000)
  from space 17408K, 72% used [0x00000000ef280000,0x00000000efee8070,0x00000000f0380000)
  to   space 17920K, 0% used [0x00000000ee100000,0x00000000ee100000,0x00000000ef280000)
 ParOldGen       total 146944K, used 42555K [0x00000000a0000000, 0x00000000a8f80000, 0x00000000e0000000)
  object space 146944K, 28% used [0x00000000a0000000,0x00000000a298ed28,0x00000000a8f80000)
 Metaspace       used 63266K, capacity 65632K, committed 65792K, reserved 1105920K
  class space    used 8662K, capacity 9131K, committed 9216K, reserved 1048576K
}
Event: 34.253 GC heap before
{Heap before GC invocations=22 (full 3):
 PSYoungGen      total 247808K, used 243104K [0x00000000e0000000, 0x00000000f0a00000, 0x0000000100000000)
  eden space 230400K, 100% used [0x00000000e0000000,0x00000000ee100000,0x00000000ee100000)
  from space 17408K, 72% used [0x00000000ef280000,0x00000000efee8070,0x00000000f0380000)
  to   space 17920K, 0% used [0x00000000ee100000,0x00000000ee100000,0x00000000ef280000)
 ParOldGen       total 146944K, used 42555K [0x00000000a0000000, 0x00000000a8f80000, 0x00000000e0000000)
  object space 146944K, 28% used [0x00000000a0000000,0x00000000a298ed28,0x00000000a8f80000)
 Metaspace       used 63318K, capacity 65640K, committed 65792K, reserved 1105920K
  class space    used 8662K, capacity 9131K, committed 9216K, reserved 1048576K
Event: 34.288 GC heap after
Heap after GC invocations=22 (full 3):
 PSYoungGen      total 248320K, used 12917K [0x00000000e0000000, 0x00000000f2e00000, 0x0000000100000000)
  eden space 230400K, 0% used [0x00000000e0000000,0x00000000e0000000,0x00000000ee100000)
  from space 17920K, 72% used [0x00000000ee100000,0x00000000eed9d630,0x00000000ef280000)
  to   space 18432K, 0% used [0x00000000f1c00000,0x00000000f1c00000,0x00000000f2e00000)
 ParOldGen       total 146944K, used 42563K [0x00000000a0000000, 0x00000000a8f80000, 0x00000000e0000000)
  object space 146944K, 28% used [0x00000000a0000000,0x00000000a2990d28,0x00000000a8f80000)
 Metaspace       used 63318K, capacity 65640K, committed 65792K, reserved 1105920K
  class space    used 8662K, capacity 9131K, committed 9216K, reserved 1048576K
}
Event: 35.634 GC heap before
{Heap before GC invocations=23 (full 3):
 PSYoungGen      total 248320K, used 243317K [0x00000000e0000000, 0x00000000f2e00000, 0x0000000100000000)
  eden space 230400K, 100% used [0x00000000e0000000,0x00000000ee100000,0x00000000ee100000)
  from space 17920K, 72% used [0x00000000ee100000,0x00000000eed9d630,0x00000000ef280000)
  to   space 18432K, 0% used [0x00000000f1c00000,0x00000000f1c00000,0x00000000f2e00000)
 ParOldGen       total 146944K, used 42563K [0x00000000a0000000, 0x00000000a8f80000, 0x00000000e0000000)
  object space 146944K, 28% used [0x00000000a0000000,0x00000000a2990d28,0x00000000a8f80000)
 Metaspace       used 63359K, capacity 65704K, committed 65792K, reserved 1105920K
  class space    used 8662K, capacity 9131K, committed 9216K, reserved 1048576K
Event: 35.704 GC heap after
Heap after GC invocations=23 (full 3):
 PSYoungGen      total 287744K, used 18403K [0x00000000e0000000, 0x00000000f3a80000, 0x0000000100000000)
  eden space 269312K, 0% used [0x00000000e0000000,0x00000000e0000000,0x00000000f0700000)
  from space 18432K, 99% used [0x00000000f1c00000,0x00000000f2df8f28,0x00000000f2e00000)
  to   space 21504K, 0% used [0x00000000f0700000,0x00000000f0700000,0x00000000f1c00000)
 ParOldGen       total 146944K, used 44783K [0x00000000a0000000, 0x00000000a8f80000, 0x00000000e0000000)
  object space 146944K, 30% used [0x00000000a0000000,0x00000000a2bbbd48,0x00000000a8f80000)
 Metaspace       used 63359K, capacity 65704K, committed 65792K, reserved 1105920K
  class space    used 8662K, capacity 9131K, committed 9216K, reserved 1048576K
}
Event: 37.319 GC heap before
{Heap before GC invocations=24 (full 3):
 PSYoungGen      total 287744K, used 287715K [0x00000000e0000000, 0x00000000f3a80000, 0x0000000100000000)
  eden space 269312K, 100% used [0x00000000e0000000,0x00000000f0700000,0x00000000f0700000)
  from space 18432K, 99% used [0x00000000f1c00000,0x00000000f2df8f28,0x00000000f2e00000)
  to   space 21504K, 0% used [0x00000000f0700000,0x00000000f0700000,0x00000000f1c00000)
 ParOldGen       total 146944K, used 44783K [0x00000000a0000000, 0x00000000a8f80000, 0x00000000e0000000)
  object space 146944K, 30% used [0x00000000a0000000,0x00000000a2bbbd48,0x00000000a8f80000)
 Metaspace       used 63395K, capacity 65714K, committed 66048K, reserved 1105920K
  class space    used 8663K, capacity 9132K, committed 9216K, reserved 1048576K
Event: 37.349 GC heap after
Heap after GC invocations=24 (full 3):
 PSYoungGen      total 290816K, used 7803K [0x00000000e0000000, 0x00000000f6480000, 0x0000000100000000)
  eden space 269312K, 0% used [0x00000000e0000000,0x00000000e0000000,0x00000000f0700000)
  from space 21504K, 36% used [0x00000000f0700000,0x00000000f0e9ed90,0x00000000f1c00000)
  to   space 20992K, 0% used [0x00000000f5000000,0x00000000f5000000,0x00000000f6480000)
 ParOldGen       total 146944K, used 51091K [0x00000000a0000000, 0x00000000a8f80000, 0x00000000e0000000)
  object space 146944K, 34% used [0x00000000a0000000,0x00000000a31e4e28,0x00000000a8f80000)
 Metaspace       used 63395K, capacity 65714K, committed 66048K, reserved 1105920K
  class space    used 8663K, capacity 9132K, committed 9216K, reserved 1048576K
}

