# JRE version: Java(TM) SE Runtime Environment (8.0_144-b01) (build 1.8.0_144-b01)
# Java VM: Java HotSpot(TM) 64-Bit Server VM (25.144-b01 mixed mode windows-amd64 compressed oops)
Heap:
 PSYoungGen      total 277504K, used 79706K [0x00000000e0000000, 0x00000000f2b00000, 0x0000000100000000)
  eden space 259072K, 30% used [0x00000000e0000000,0x00000000e4d48258,0x00000000efd00000)
  from space 18432K, 3% used [0x00000000f1900000,0x00000000f198e678,0x00000000f2b00000)
  to   space 23552K, 0% used [0x00000000efd00000,0x00000000efd00000,0x00000000f1400000)
 ParOldGen       total 128000K, used 87169K [0x00000000a0000000, 0x00000000a7d00000, 0x00000000e0000000)
  object space 128000K, 68% used [0x00000000a0000000,0x00000000a55205a8,0x00000000a7d00000)
 Metaspace       used 89737K, capacity 93554K, committed 93696K, reserved 1130496K
  class space    used 11619K, capacity 12460K, committed 12544K, reserved 1048576K
GC Heap History (10 events):
Event: 3074.770 GC heap before
{Heap before GC invocations=25 (full 3):
 PSYoungGen      total 282624K, used 261728K [0x00000000e0000000, 0x00000000f2b00000, 0x0000000100000000)
  eden space 259072K, 100% used [0x00000000e0000000,0x00000000efd00000,0x00000000efd00000)
  from space 23552K, 11% used [0x00000000efd00000,0x00000000eff98030,0x00000000f1400000)
  to   space 18432K, 0% used [0x00000000f1900000,0x00000000f1900000,0x00000000f2b00000)
 ParOldGen       total 128000K, used 56876K [0x00000000a0000000, 0x00000000a7d00000, 0x00000000e0000000)
  object space 128000K, 44% used [0x00000000a0000000,0x00000000a378b250,0x00000000a7d00000)
 Metaspace       used 82957K, capacity 86192K, committed 86400K, reserved 1124352K
  class space    used 10792K, capacity 11555K, committed 11648K, reserved 1048576K
Event: 3074.817 GC heap after
Heap after GC invocations=25 (full 3):
 PSYoungGen      total 277504K, used 18420K [0x00000000e0000000, 0x00000000f2b00000, 0x0000000100000000)
  eden space 259072K, 0% used [0x00000000e0000000,0x00000000e0000000,0x00000000efd00000)
  from space 18432K, 99% used [0x00000000f1900000,0x00000000f2afd240,0x00000000f2b00000)
  to   space 23552K, 0% used [0x00000000efd00000,0x00000000efd00000,0x00000000f1400000)
 ParOldGen       total 128000K, used 61876K [0x00000000a0000000, 0x00000000a7d00000, 0x00000000e0000000)
  object space 128000K, 48% used [0x00000000a0000000,0x00000000a3c6d1f0,0x00000000a7d00000)
 Metaspace       used 82957K, capacity 86192K, committed 86400K, reserved 1124352K
  class space    used 10792K, capacity 11555K, committed 11648K, reserved 1048576K
}
Event: 3078.597 GC heap before
{Heap before GC invocations=26 (full 3):
 PSYoungGen      total 277504K, used 277492K [0x00000000e0000000, 0x00000000f2b00000, 0x0000000100000000)
  eden space 259072K, 100% used [0x00000000e0000000,0x00000000efd00000,0x00000000efd00000)
  from space 18432K, 99% used [0x00000000f1900000,0x00000000f2afd240,0x00000000f2b00000)
  to   space 23552K, 0% used [0x00000000efd00000,0x00000000efd00000,0x00000000f1400000)
 ParOldGen       total 128000K, used 61876K [0x00000000a0000000, 0x00000000a7d00000, 0x00000000e0000000)
  object space 128000K, 48% used [0x00000000a0000000,0x00000000a3c6d1f0,0x00000000a7d00000)
 Metaspace       used 88438K, capacity 91956K, committed 92160K, reserved 1128448K
  class space    used 11482K, capacity 12287K, committed 12288K, reserved 1048576K
Event: 3078.659 GC heap after
Heap after GC invocations=26 (full 3):
 PSYoungGen      total 282624K, used 7571K [0x00000000e0000000, 0x00000000f2b00000, 0x0000000100000000)
  eden space 259072K, 0% used [0x00000000e0000000,0x00000000e0000000,0x00000000efd00000)
  from space 23552K, 32% used [0x00000000efd00000,0x00000000f0464dd0,0x00000000f1400000)
  to   space 18432K, 0% used [0x00000000f1900000,0x00000000f1900000,0x00000000f2b00000)
 ParOldGen       total 128000K, used 78178K [0x00000000a0000000, 0x00000000a7d00000, 0x00000000e0000000)
  object space 128000K, 61% used [0x00000000a0000000,0x00000000a4c58860,0x00000000a7d00000)
 Metaspace       used 88438K, capacity 91956K, committed 92160K, reserved 1128448K
  class space    used 11482K, capacity 12287K, committed 12288K, reserved 1048576K
}
Event: 3080.491 GC heap before
{Heap before GC invocations=27 (full 3):
 PSYoungGen      total 282624K, used 266643K [0x00000000e0000000, 0x00000000f2b00000, 0x0000000100000000)
  eden space 259072K, 100% used [0x00000000e0000000,0x00000000efd00000,0x00000000efd00000)
  from space 23552K, 32% used [0x00000000efd00000,0x00000000f0464dd0,0x00000000f1400000)
  to   space 18432K, 0% used [0x00000000f1900000,0x00000000f1900000,0x00000000f2b00000)
 ParOldGen       total 128000K, used 78178K [0x00000000a0000000, 0x00000000a7d00000, 0x00000000e0000000)
  object space 128000K, 61% used [0x00000000a0000000,0x00000000a4c58860,0x00000000a7d00000)
 Metaspace       used 88737K, capacity 92272K, committed 92544K, reserved 1130496K
  class space    used 11522K, capacity 12325K, committed 12416K, reserved 1048576K
Event: 3080.545 GC heap after
Heap after GC invocations=27 (full 3):
 PSYoungGen      total 277504K, used 5888K [0x00000000e0000000, 0x00000000f2b00000, 0x0000000100000000)
  eden space 259072K, 0% used [0x00000000e0000000,0x00000000e0000000,0x00000000efd00000)
  from space 18432K, 31% used [0x00000000f1900000,0x00000000f1ec0040,0x00000000f2b00000)
  to   space 23552K, 0% used [0x00000000efd00000,0x00000000efd00000,0x00000000f1400000)
 ParOldGen       total 128000K, used 82174K [0x00000000a0000000, 0x00000000a7d00000, 0x00000000e0000000)
  object space 128000K, 64% used [0x00000000a0000000,0x00000000a503f910,0x00000000a7d00000)
 Metaspace       used 88737K, capacity 92272K, committed 92544K, reserved 1130496K
  class space    used 11522K, capacity 12325K, committed 12416K, reserved 1048576K
}
Event: 3083.016 GC heap before
{Heap before GC invocations=28 (full 3):
 PSYoungGen      total 277504K, used 264960K [0x00000000e0000000, 0x00000000f2b00000, 0x0000000100000000)
  eden space 259072K, 100% used [0x00000000e0000000,0x00000000efd00000,0x00000000efd00000)
  from space 18432K, 31% used [0x00000000f1900000,0x00000000f1ec0040,0x00000000f2b00000)
  to   space 23552K, 0% used [0x00000000efd00000,0x00000000efd00000,0x00000000f1400000)
 ParOldGen       total 128000K, used 82174K [0x00000000a0000000, 0x00000000a7d00000, 0x00000000e0000000)
  object space 128000K, 64% used [0x00000000a0000000,0x00000000a503f910,0x00000000a7d00000)
 Metaspace       used 89631K, capacity 93478K, committed 93696K, reserved 1130496K
  class space    used 11619K, capacity 12460K, committed 12544K, reserved 1048576K
Event: 3083.037 GC heap after
Heap after GC invocations=28 (full 3):
 PSYoungGen      total 282624K, used 4053K [0x00000000e0000000, 0x00000000f2b00000, 0x0000000100000000)
  eden space 259072K, 0% used [0x00000000e0000000,0x00000000e0000000,0x00000000efd00000)
  from space 23552K, 17% used [0x00000000efd00000,0x00000000f00f5780,0x00000000f1400000)
  to   space 18432K, 0% used [0x00000000f1900000,0x00000000f1900000,0x00000000f2b00000)
 ParOldGen       total 128000K, used 86744K [0x00000000a0000000, 0x00000000a7d00000, 0x00000000e0000000)
  object space 128000K, 67% used [0x00000000a0000000,0x00000000a54b6110,0x00000000a7d00000)
 Metaspace       used 89631K, capacity 93478K, committed 93696K, reserved 1130496K
  class space    used 11619K, capacity 12460K, committed 12544K, reserved 1048576K
}
Event: 3085.009 GC heap before
{Heap before GC invocations=29 (full 3):
 PSYoungGen      total 282624K, used 263125K [0x00000000e0000000, 0x00000000f2b00000, 0x0000000100000000)
  eden space 259072K, 100% used [0x00000000e0000000,0x00000000efd00000,0x00000000efd00000)
  from space 23552K, 17% used [0x00000000efd00000,0x00000000f00f5780,0x00000000f1400000)
  to   space 18432K, 0% used [0x00000000f1900000,0x00000000f1900000,0x00000000f2b00000)
 ParOldGen       total 128000K, used 86744K [0x00000000a0000000, 0x00000000a7d00000, 0x00000000e0000000)
  object space 128000K, 67% used [0x00000000a0000000,0x00000000a54b6110,0x00000000a7d00000)
 Metaspace       used 89715K, capacity 93554K, committed 93696K, reserved 1130496K
  class space    used 11619K, capacity 12460K, committed 12544K, reserved 1048576K
Event: 3085.024 GC heap after
Heap after GC invocations=29 (full 3):
 PSYoungGen      total 277504K, used 569K [0x00000000e0000000, 0x00000000f2b00000, 0x0000000100000000)
  eden space 259072K, 0% used [0x00000000e0000000,0x00000000e0000000,0x00000000efd00000)
  from space 18432K, 3% used [0x00000000f1900000,0x00000000f198e678,0x00000000f2b00000)
  to   space 23552K, 0% used [0x00000000efd00000,0x00000000efd00000,0x00000000f1400000)
 ParOldGen       total 128000K, used 87169K [0x00000000a0000000, 0x00000000a7d00000, 0x00000000e0000000)
  object space 128000K, 68% used [0x00000000a0000000,0x00000000a55205a8,0x00000000a7d00000)
 Metaspace       used 89715K, capacity 93554K, committed 93696K, reserved 1130496K
  class space    used 11619K, capacity 12460K, committed 12544K, reserved 1048576K
}

