# JRE version: Java(TM) SE Runtime Environment (8.0_144-b01) (build 1.8.0_144-b01)
# Java VM: Java HotSpot(TM) 64-Bit Server VM (25.144-b01 mixed mode windows-amd64 compressed oops)
Heap:
 PSYoungGen      total 211968K, used 74439K [0x00000000e0000000, 0x00000000f4b00000, 0x0000000100000000)
  eden space 184320K, 40% used [0x00000000e0000000,0x00000000e48b1d70,0x00000000eb400000)
  from space 27648K, 0% used [0x00000000eb400000,0x00000000eb400000,0x00000000ecf00000)
  to   space 28160K, 0% used [0x00000000f2f80000,0x00000000f2f80000,0x00000000f4b00000)
 ParOldGen       total 139776K, used 45058K [0x00000000a0000000, 0x00000000a8880000, 0x00000000e0000000)
  object space 139776K, 32% used [0x00000000a0000000,0x00000000a2c009b8,0x00000000a8880000)
 Metaspace       used 60100K, capacity 62224K, committed 62336K, reserved 1103872K
  class space    used 8288K, capacity 8779K, committed 8832K, reserved 1048576K
GC Heap History (10 events):
Event: 12.175 GC heap before
{Heap before GC invocations=10 (full 2):
 PSYoungGen      total 140800K, used 131072K [0x00000000e0000000, 0x00000000eb580000, 0x0000000100000000)
  eden space 131072K, 100% used [0x00000000e0000000,0x00000000e8000000,0x00000000e8000000)
  from space 9728K, 0% used [0x00000000e8000000,0x00000000e8000000,0x00000000e8980000)
  to   space 13312K, 0% used [0x00000000ea880000,0x00000000ea880000,0x00000000eb580000)
 ParOldGen       total 100352K, used 20768K [0x00000000a0000000, 0x00000000a6200000, 0x00000000e0000000)
  object space 100352K, 20% used [0x00000000a0000000,0x00000000a14483d8,0x00000000a6200000)
 Metaspace       used 43720K, capacity 44798K, committed 44928K, reserved 1087488K
  class space    used 6177K, capacity 6501K, committed 6528K, reserved 1048576K
Event: 12.238 GC heap after
Heap after GC invocations=10 (full 2):
 PSYoungGen      total 169984K, used 13305K [0x00000000e0000000, 0x00000000ed300000, 0x0000000100000000)
  eden space 156672K, 0% used [0x00000000e0000000,0x00000000e0000000,0x00000000e9900000)
  from space 13312K, 99% used [0x00000000ea880000,0x00000000eb57e500,0x00000000eb580000)
  to   space 15872K, 0% used [0x00000000e9900000,0x00000000e9900000,0x00000000ea880000)
 ParOldGen       total 100352K, used 22111K [0x00000000a0000000, 0x00000000a6200000, 0x00000000e0000000)
  object space 100352K, 22% used [0x00000000a0000000,0x00000000a1597e50,0x00000000a6200000)
 Metaspace       used 43720K, capacity 44798K, committed 44928K, reserved 1087488K
  class space    used 6177K, capacity 6501K, committed 6528K, reserved 1048576K
}
Event: 17.631 GC heap before
{Heap before GC invocations=11 (full 2):
 PSYoungGen      total 169984K, used 169977K [0x00000000e0000000, 0x00000000ed300000, 0x0000000100000000)
  eden space 156672K, 100% used [0x00000000e0000000,0x00000000e9900000,0x00000000e9900000)
  from space 13312K, 99% used [0x00000000ea880000,0x00000000eb57e500,0x00000000eb580000)
  to   space 15872K, 0% used [0x00000000e9900000,0x00000000e9900000,0x00000000ea880000)
 ParOldGen       total 100352K, used 22111K [0x00000000a0000000, 0x00000000a6200000, 0x00000000e0000000)
  object space 100352K, 22% used [0x00000000a0000000,0x00000000a1597e50,0x00000000a6200000)
 Metaspace       used 53914K, capacity 55614K, committed 55680K, reserved 1097728K
  class space    used 7619K, capacity 8054K, committed 8064K, reserved 1048576K
Event: 17.674 GC heap after
Heap after GC invocations=11 (full 2):
 PSYoungGen      total 172544K, used 15861K [0x00000000e0000000, 0x00000000ee300000, 0x0000000100000000)
  eden space 156672K, 0% used [0x00000000e0000000,0x00000000e0000000,0x00000000e9900000)
  from space 15872K, 99% used [0x00000000e9900000,0x00000000ea87d510,0x00000000ea880000)
  to   space 20480K, 0% used [0x00000000ecf00000,0x00000000ecf00000,0x00000000ee300000)
 ParOldGen       total 100352K, used 28868K [0x00000000a0000000, 0x00000000a6200000, 0x00000000e0000000)
  object space 100352K, 28% used [0x00000000a0000000,0x00000000a1c31388,0x00000000a6200000)
 Metaspace       used 53914K, capacity 55614K, committed 55680K, reserved 1097728K
  class space    used 7619K, capacity 8054K, committed 8064K, reserved 1048576K
}
Event: 24.801 GC heap before
{Heap before GC invocations=12 (full 2):
 PSYoungGen      total 172544K, used 172533K [0x00000000e0000000, 0x00000000ee300000, 0x0000000100000000)
  eden space 156672K, 100% used [0x00000000e0000000,0x00000000e9900000,0x00000000e9900000)
  from space 15872K, 99% used [0x00000000e9900000,0x00000000ea87d510,0x00000000ea880000)
  to   space 20480K, 0% used [0x00000000ecf00000,0x00000000ecf00000,0x00000000ee300000)
 ParOldGen       total 100352K, used 28868K [0x00000000a0000000, 0x00000000a6200000, 0x00000000e0000000)
  object space 100352K, 28% used [0x00000000a0000000,0x00000000a1c31388,0x00000000a6200000)
 Metaspace       used 56922K, capacity 58936K, committed 59096K, reserved 1099776K
  class space    used 7979K, capacity 8475K, committed 8576K, reserved 1048576K
Event: 24.860 GC heap after
Heap after GC invocations=12 (full 2):
 PSYoungGen      total 204800K, used 20465K [0x00000000e0000000, 0x00000000eee00000, 0x0000000100000000)
  eden space 184320K, 0% used [0x00000000e0000000,0x00000000e0000000,0x00000000eb400000)
  from space 20480K, 99% used [0x00000000ecf00000,0x00000000ee2fc660,0x00000000ee300000)
  to   space 27648K, 0% used [0x00000000eb400000,0x00000000eb400000,0x00000000ecf00000)
 ParOldGen       total 100352K, used 39550K [0x00000000a0000000, 0x00000000a6200000, 0x00000000e0000000)
  object space 100352K, 39% used [0x00000000a0000000,0x00000000a269fae0,0x00000000a6200000)
 Metaspace       used 56922K, capacity 58936K, committed 59096K, reserved 1099776K
  class space    used 7979K, capacity 8475K, committed 8576K, reserved 1048576K
}
Event: 24.867 GC heap before
{Heap before GC invocations=13 (full 2):
 PSYoungGen      total 204800K, used 23831K [0x00000000e0000000, 0x00000000eee00000, 0x0000000100000000)
  eden space 184320K, 1% used [0x00000000e0000000,0x00000000e0349868,0x00000000eb400000)
  from space 20480K, 99% used [0x00000000ecf00000,0x00000000ee2fc660,0x00000000ee300000)
  to   space 27648K, 0% used [0x00000000eb400000,0x00000000eb400000,0x00000000ecf00000)
 ParOldGen       total 100352K, used 39550K [0x00000000a0000000, 0x00000000a6200000, 0x00000000e0000000)
  object space 100352K, 39% used [0x00000000a0000000,0x00000000a269fae0,0x00000000a6200000)
 Metaspace       used 56945K, capacity 58936K, committed 59096K, reserved 1099776K
  class space    used 7979K, capacity 8475K, committed 8576K, reserved 1048576K
Event: 24.916 GC heap after
Heap after GC invocations=13 (full 2):
 PSYoungGen      total 211968K, used 257K [0x00000000e0000000, 0x00000000f4b00000, 0x0000000100000000)
  eden space 184320K, 0% used [0x00000000e0000000,0x00000000e0000000,0x00000000eb400000)
  from space 27648K, 0% used [0x00000000eb400000,0x00000000eb4406f8,0x00000000ecf00000)
  to   space 28160K, 0% used [0x00000000f2f80000,0x00000000f2f80000,0x00000000f4b00000)
 ParOldGen       total 100352K, used 60083K [0x00000000a0000000, 0x00000000a6200000, 0x00000000e0000000)
  object space 100352K, 59% used [0x00000000a0000000,0x00000000a3aacf70,0x00000000a6200000)
 Metaspace       used 56945K, capacity 58936K, committed 59096K, reserved 1099776K
  class space    used 7979K, capacity 8475K, committed 8576K, reserved 1048576K
}
Event: 24.916 GC heap before
{Heap before GC invocations=14 (full 3):
 PSYoungGen      total 211968K, used 257K [0x00000000e0000000, 0x00000000f4b00000, 0x0000000100000000)
  eden space 184320K, 0% used [0x00000000e0000000,0x00000000e0000000,0x00000000eb400000)
  from space 27648K, 0% used [0x00000000eb400000,0x00000000eb4406f8,0x00000000ecf00000)
  to   space 28160K, 0% used [0x00000000f2f80000,0x00000000f2f80000,0x00000000f4b00000)
 ParOldGen       total 100352K, used 60083K [0x00000000a0000000, 0x00000000a6200000, 0x00000000e0000000)
  object space 100352K, 59% used [0x00000000a0000000,0x00000000a3aacf70,0x00000000a6200000)
 Metaspace       used 56945K, capacity 58936K, committed 59096K, reserved 1099776K
  class space    used 7979K, capacity 8475K, committed 8576K, reserved 1048576K
Event: 25.561 GC heap after
Heap after GC invocations=14 (full 3):
 PSYoungGen      total 211968K, used 0K [0x00000000e0000000, 0x00000000f4b00000, 0x0000000100000000)
  eden space 184320K, 0% used [0x00000000e0000000,0x00000000e0000000,0x00000000eb400000)
  from space 27648K, 0% used [0x00000000eb400000,0x00000000eb400000,0x00000000ecf00000)
  to   space 28160K, 0% used [0x00000000f2f80000,0x00000000f2f80000,0x00000000f4b00000)
 ParOldGen       total 139776K, used 45058K [0x00000000a0000000, 0x00000000a8880000, 0x00000000e0000000)
  object space 139776K, 32% used [0x00000000a0000000,0x00000000a2c009b8,0x00000000a8880000)
 Metaspace       used 56945K, capacity 58936K, committed 59096K, reserved 1099776K
  class space    used 7979K, capacity 8475K, committed 8576K, reserved 1048576K
}

